2025-12-20 13:03:20,791 [INFO] atlas: config loaded from /home/clairaut/.config/atlas/atlas.toml
2025-12-20 13:03:20,792 [INFO] atlas: config loaded from /home/clairaut/.config/atlas/atlas.toml
2025-12-20 13:03:27,749 [INFO] atlas: config loaded from /home/clairaut/.config/atlas/atlas.toml
2025-12-20 13:03:27,750 [INFO] atlas: config loaded from /home/clairaut/.config/atlas/atlas.toml
2025-12-20 13:03:31,185 [INFO] atlas: config loaded from /home/clairaut/.config/atlas/atlas.toml
2025-12-20 13:03:31,186 [INFO] atlas: config loaded from /home/clairaut/.config/atlas/atlas.toml
2025-12-20 13:03:40,868 [INFO] atlas: config loaded from /home/clairaut/.config/atlas/atlas.toml
2025-12-20 13:03:40,868 [INFO] atlas: config loaded from /home/clairaut/.config/atlas/atlas.toml
2025-12-20 13:04:18,617 [INFO] atlas: config loaded from /home/clairaut/.config/atlas/atlas.toml
2025-12-20 13:04:18,617 [INFO] atlas: config loaded from /home/clairaut/.config/atlas/atlas.toml
2025-12-20 13:04:26,663 [INFO] atlas: config loaded from /home/clairaut/.config/atlas/atlas.toml
2025-12-20 13:04:26,664 [INFO] atlas: config loaded from /home/clairaut/.config/atlas/atlas.toml
2025-12-20 13:04:28,554 [INFO] atlas: config loaded from /home/clairaut/.config/atlas/atlas.toml
2025-12-20 13:04:28,554 [INFO] atlas: config loaded from /home/clairaut/.config/atlas/atlas.toml
2025-12-20 13:04:58,832 [INFO] atlas: config loaded from /home/clairaut/.config/atlas/atlas.toml
2025-12-20 13:04:58,833 [INFO] atlas: config loaded from /home/clairaut/.config/atlas/atlas.toml
2025-12-20 13:06:09,689 [INFO] atlas: config loaded from /home/clairaut/.config/atlas/atlas.toml
2025-12-20 13:06:09,690 [INFO] atlas: config loaded from /home/clairaut/.config/atlas/atlas.toml
2025-12-20 13:06:11,863 [INFO] atlas: config loaded from /home/clairaut/.config/atlas/atlas.toml
2025-12-20 13:06:11,864 [INFO] atlas: config loaded from /home/clairaut/.config/atlas/atlas.toml
2025-12-20 13:07:33,316 [INFO] atlas: config loaded from /home/clairaut/.config/atlas/atlas.toml
2025-12-20 13:07:33,317 [INFO] atlas: config loaded from /home/clairaut/.config/atlas/atlas.toml
2025-12-20 13:08:57,968 [INFO] atlas: config loaded from /home/clairaut/.config/atlas/atlas.toml
2025-12-20 13:08:57,968 [INFO] atlas: config loaded from /home/clairaut/.config/atlas/atlas.toml
2025-12-20 13:12:29,320 [INFO] atlas: config loaded from /home/clairaut/.config/atlas/atlas.toml
2025-12-20 13:12:29,320 [INFO] atlas: set ephemeris to 
2025-12-20 13:12:29,320 [INFO] atlas: initialized EphemerisClient (ephe_path=, flags=258)
2025-12-20 13:12:29,320 [INFO] atlas: set ephemeris topography to (0.000000, 0.000000, 0.000000)
2025-12-20 13:12:29,320 [INFO] observatory: ok topo set (lat=0.000000, lon=0.000000, alt=0.0)
2025-12-20 13:12:29,320 [INFO] observatory: ok observatory initiation (dt=2025-12-20 13:12:29.320830, location:Location(lat=0, lon=0, alt=0))
2025-12-20 13:12:29,321 [INFO] atlas: config loaded from /home/clairaut/.config/atlas/atlas.toml
2025-12-20 13:12:29,321 [INFO] cli: CLI components initialized
2025-12-20 13:12:44,016 [INFO] atlas: config loaded from /home/clairaut/.config/atlas/atlas.toml
2025-12-20 13:12:44,016 [INFO] atlas: set ephemeris to 
2025-12-20 13:12:44,016 [INFO] atlas: initialized EphemerisClient (ephe_path=, flags=258)
2025-12-20 13:12:44,017 [INFO] atlas: set ephemeris topography to (0.000000, 0.000000, 0.000000)
2025-12-20 13:12:44,017 [INFO] observatory: ok topo set (lat=0.000000, lon=0.000000, alt=0.0)
2025-12-20 13:12:44,017 [INFO] observatory: ok observatory initiation (dt=2025-12-20 13:12:44.017005, location:Location(lat=0, lon=0, alt=0))
2025-12-20 13:12:44,017 [INFO] atlas: config loaded from /home/clairaut/.config/atlas/atlas.toml
2025-12-20 13:12:44,017 [INFO] cli: CLI components initialized
2025-12-20 13:12:44,023 [ERROR] cli: invalid time argument input for observation parser
2025-12-20 13:14:06,895 [INFO] atlas: config loaded from /home/clairaut/.config/atlas/atlas.toml
2025-12-20 13:14:06,895 [INFO] atlas: set ephemeris to 
2025-12-20 13:14:06,895 [INFO] atlas: initialized EphemerisClient (ephe_path=, flags=258)
2025-12-20 13:14:06,895 [INFO] atlas: set ephemeris topography to (0.000000, 0.000000, 0.000000)
2025-12-20 13:14:06,895 [INFO] observatory: ok topo set (lat=0.000000, lon=0.000000, alt=0.0)
2025-12-20 13:14:06,895 [INFO] observatory: ok observatory initiation (dt=2025-12-20 13:14:06.895846, location:Location(lat=0, lon=0, alt=0))
2025-12-20 13:14:06,896 [INFO] atlas: config loaded from /home/clairaut/.config/atlas/atlas.toml
2025-12-20 13:14:06,896 [INFO] cli: CLI components initialized
2025-12-20 13:14:06,902 [ERROR] cli: invalid time argument input for observation parser
2025-12-20 13:14:06,902 [INFO] atlas: set ephemeris topography to (0.000000, 0.000000, 0.000000)
2025-12-20 13:14:06,902 [INFO] observatory: ok topo set (lat=0.000000, lon=0.000000, alt=0.0)
2025-12-20 13:14:06,902 [INFO] observatory: ok observatory setting (dt=2025-12-20 13:14:06.902412, location:Location(lat=0.0, lon=0.0, alt=0.0))
2025-12-20 13:14:06,902 [INFO] atlas: ok observatory frame orientation (frame=phenomenon, flags=258)
2025-12-20 13:14:06,902 [INFO] atlas: calc_ut(target=1, jd=2461030.051469) -> ret=260; took 0.13 ms
2025-12-20 13:14:06,902 [INFO] atlas: ok observatory observation; (target ID=1, dt=2025-12-20 13:14:06.902412, location=Location(lat=0.0, lon=0.0, alt=0.0))
2025-12-20 13:14:06,902 [INFO] wizard: Celestial position: frame=phenomenon, pos=(274.20829198410524, -4.631191041232628, 0.002690850866818506, 12.10108006253169, 0.4009689202227418, -1.3986944935847896e-05)
2025-12-20 13:14:06,903 [ERROR] cli: failed to handle observation command
2025-12-20 13:15:11,999 [INFO] atlas: config loaded from /home/clairaut/.config/atlas/atlas.toml
2025-12-20 13:15:11,999 [INFO] atlas: set ephemeris to 
2025-12-20 13:15:11,999 [INFO] atlas: initialized EphemerisClient (ephe_path=, flags=258)
2025-12-20 13:15:11,999 [INFO] atlas: set ephemeris topography to (0.000000, 0.000000, 0.000000)
2025-12-20 13:15:11,999 [INFO] observatory: ok topo set (lat=0.000000, lon=0.000000, alt=0.0)
2025-12-20 13:15:11,999 [INFO] observatory: ok observatory initiation (dt=2025-12-20 13:15:11.999849, location:Location(lat=0, lon=0, alt=0))
2025-12-20 13:15:12,000 [INFO] atlas: config loaded from /home/clairaut/.config/atlas/atlas.toml
2025-12-20 13:15:12,000 [INFO] cli: CLI components initialized
2025-12-20 13:15:12,006 [ERROR] cli: invalid time argument input for observation parser
2025-12-20 13:15:12,006 [INFO] atlas: set ephemeris topography to (0.000000, 0.000000, 0.000000)
2025-12-20 13:15:12,006 [INFO] observatory: ok topo set (lat=0.000000, lon=0.000000, alt=0.0)
2025-12-20 13:15:12,006 [INFO] observatory: ok observatory setting (dt=2025-12-20 13:15:12.006610, location:Location(lat=0.0, lon=0.0, alt=0.0))
2025-12-20 13:15:12,006 [INFO] atlas: ok observatory frame orientation (frame=phenomenon, flags=258)
2025-12-20 13:15:12,006 [INFO] atlas: calc_ut(target=1, jd=2461030.052222) -> ret=260; took 0.11 ms
2025-12-20 13:15:12,007 [INFO] atlas: ok observatory observation; (target ID=1, dt=2025-12-20 13:15:12.006610, location=Location(lat=0.0, lon=0.0, alt=0.0))
2025-12-20 13:15:12,007 [INFO] wizard: Celestial position: frame=phenomenon, pos=(274.2174104266836, -4.630888840530234, 0.002690840328813022, 12.101162387968518, 0.40113026285949915, -1.3989389186019432e-05)
2025-12-20 13:15:12,007 [ERROR] cli: failed to handle observation command
2025-12-20 13:22:57,198 [INFO] atlas: config loaded from /home/clairaut/.config/atlas/atlas.toml
2025-12-20 13:22:57,199 [INFO] atlas: config loaded from /home/clairaut/.config/atlas/atlas.toml
2025-12-20 13:22:57,205 [ERROR] cli: invalid time argument input for observation parser
2025-12-20 13:22:57,206 [ERROR] cli: failed to handle observation command
2025-12-20 13:24:41,400 [INFO] atlas: config loaded from /home/clairaut/.config/atlas/atlas.toml
2025-12-20 13:24:41,400 [INFO] atlas: config loaded from /home/clairaut/.config/atlas/atlas.toml
2025-12-20 13:24:41,407 [ERROR] cli: invalid time argument input for observation parser
2025-12-20 13:24:41,407 [ERROR] cli: failed to handle observation command
2025-12-20 13:25:07,075 [INFO] atlas: config loaded from /home/clairaut/.config/atlas/atlas.toml
2025-12-20 13:25:07,075 [INFO] atlas: config loaded from /home/clairaut/.config/atlas/atlas.toml
2025-12-20 13:25:07,081 [ERROR] cli: invalid time argument input for observation parser
2025-12-20 13:25:07,082 [ERROR] cli: failed to handle observation command
2025-12-20 13:27:06,286 [INFO] atlas: config loaded from /home/clairaut/.config/atlas/atlas.toml
2025-12-20 13:27:06,287 [INFO] atlas: config loaded from /home/clairaut/.config/atlas/atlas.toml
2025-12-20 13:27:06,293 [ERROR] cli: invalid time argument input for observation parser
2025-12-20 13:27:06,293 [ERROR] cli: failed to handle observation command
2025-12-20 13:29:21,175 [INFO] atlas: config loaded from /home/clairaut/.config/atlas/atlas.toml
2025-12-20 13:29:21,175 [INFO] atlas: config loaded from /home/clairaut/.config/atlas/atlas.toml
2025-12-20 13:29:21,181 [ERROR] cli: invalid time argument input for observation parser
2025-12-20 13:29:21,182 [ERROR] cli: failed to handle observation command
2026-02-02 06:03:31,954 [INFO] atlas: config loaded from /home/clairaut/.config/atlas/atlas.toml
2026-02-02 06:03:31,955 [INFO] atlas: config loaded from /home/clairaut/.config/atlas/atlas.toml
2026-02-02 06:04:46,055 [INFO] atlas: config loaded from /home/clairaut/.config/atlas/atlas.toml
2026-02-02 06:04:46,055 [INFO] atlas: config loaded from /home/clairaut/.config/atlas/atlas.toml
2026-02-02 06:04:51,324 [INFO] atlas: config loaded from /home/clairaut/.config/atlas/atlas.toml
2026-02-02 06:04:51,325 [INFO] atlas: config loaded from /home/clairaut/.config/atlas/atlas.toml
2026-02-02 06:04:54,083 [INFO] atlas: config loaded from /home/clairaut/.config/atlas/atlas.toml
2026-02-02 06:04:54,083 [INFO] atlas: config loaded from /home/clairaut/.config/atlas/atlas.toml
2026-02-02 06:04:54,089 [ERROR] cli: failed to handle observation command
2026-03-23 19:07:57,074 [INFO] atlas: config loaded from /home/clairaut/.config/atlas/atlas.toml
2026-03-23 19:08:02,342 [INFO] atlas: config loaded from /home/clairaut/.config/atlas/atlas.toml
2026-03-23 19:08:02,347 [INFO] atlas: set ephemeris to 
2026-03-23 19:08:02,348 [INFO] atlas: initialized EphemerisClient (ephe_path=, flags=258)
2026-03-23 19:08:02,348 [INFO] atlas: set ephemeris topography to (0.000000, 0.000000, 4.000000)
2026-03-23 19:08:02,348 [INFO] observatory: ok topo set (lat=0.000000, lon=0.000000, alt=4.0)
2026-03-23 19:08:02,348 [INFO] observatory: ok observatory initiation (dt=2026-03-23 19:08:02.348080, location:Location(lat=0.0, lon=0.0, alt=4.0))
2026-03-23 19:08:02,348 [INFO] atlas: config loaded from /home/clairaut/.config/atlas/atlas.toml
2026-03-23 19:08:02,348 [INFO] cli: CLI components initialized
2026-03-23 19:08:02,348 [INFO] atlas: set ephemeris topography to (0.000000, 0.000000, 4.000000)
2026-03-23 19:08:02,348 [INFO] observatory: ok topo set (lat=0.000000, lon=0.000000, alt=4.0)
2026-03-23 19:08:02,348 [INFO] observatory: ok observatory setting (dt=2026-03-23 19:08:02, location:Location(lat=0.0, lon=0.0, alt=4.0))
2026-03-23 19:08:02,348 [INFO] atlas: ok observatory alignment (zodiac=tropical, aya=None, flags=258)
2026-03-23 19:08:02,348 [INFO] atlas: ok observatory projection (system=ecliptic, flags=258)
2026-03-23 19:08:02,349 [INFO] atlas: calc_ut(target=6, jd=2461123.297245) -> ret=260; took 0.44 ms
2026-03-23 19:08:02,349 [INFO] atlas: ok observatory observation; (target ID=6, dt=2026-03-23 19:08:02, location=Location(lat=0.0, lon=0.0, alt=4.0))
2026-03-23 19:08:02,349 [INFO] wizard: celestial position: frame=ecliptic, pos=(4.524457165468309, -2.1243838307472895, 10.489052127470504, 0.12487737861447525, -0.00030612774246761224, 0.00038198443209866125)
2026-03-23 19:08:10,404 [INFO] atlas: config loaded from /home/clairaut/.config/atlas/atlas.toml
2026-03-23 19:08:10,409 [INFO] atlas: set ephemeris to 
2026-03-23 19:08:10,409 [INFO] atlas: initialized EphemerisClient (ephe_path=, flags=258)
2026-03-23 19:08:10,410 [INFO] atlas: set ephemeris topography to (0.000000, 0.000000, 4.000000)
2026-03-23 19:08:10,410 [INFO] observatory: ok topo set (lat=0.000000, lon=0.000000, alt=4.0)
2026-03-23 19:08:10,410 [INFO] observatory: ok observatory initiation (dt=2026-03-23 19:08:10.410065, location:Location(lat=0.0, lon=0.0, alt=4.0))
2026-03-23 19:08:10,410 [INFO] atlas: config loaded from /home/clairaut/.config/atlas/atlas.toml
2026-03-23 19:08:10,410 [INFO] cli: CLI components initialized
2026-03-23 19:08:10,410 [INFO] atlas: set ephemeris topography to (0.000000, 0.000000, 4.000000)
2026-03-23 19:08:10,410 [INFO] observatory: ok topo set (lat=0.000000, lon=0.000000, alt=4.0)
2026-03-23 19:08:10,410 [INFO] observatory: ok observatory setting (dt=2026-03-23 19:08:10, location:Location(lat=0.0, lon=0.0, alt=4.0))
2026-03-23 19:08:10,411 [INFO] atlas: ok observatory alignment (zodiac=tropical, aya=None, flags=258)
2026-03-23 19:08:10,411 [INFO] atlas: ok observatory projection (system=ecliptic, flags=258)
2026-03-23 19:08:10,411 [INFO] atlas: calc_ut(target=6, jd=2461123.297338) -> ret=260; took 0.07 ms
2026-03-23 19:08:10,411 [INFO] atlas: ok observatory observation; (target ID=6, dt=2026-03-23 19:08:10, location=Location(lat=0.0, lon=0.0, alt=4.0))
2026-03-23 19:08:10,411 [INFO] wizard: celestial position: frame=ecliptic, pos=(4.524468728244827, -2.1243838589909196, 10.489052161164537, 0.12487737839383403, -0.00030613166228743525, 0.0003819646519429857)
2026-03-23 19:08:36,930 [INFO] atlas: config loaded from /home/clairaut/.config/atlas/atlas.toml
2026-03-23 19:08:39,590 [INFO] atlas: config loaded from /home/clairaut/.config/atlas/atlas.toml
2026-03-23 19:09:06,204 [INFO] atlas: config loaded from /home/clairaut/.config/atlas/atlas.toml
2026-03-23 19:09:06,210 [INFO] atlas: set ephemeris to 
2026-03-23 19:09:06,210 [INFO] atlas: initialized EphemerisClient (ephe_path=, flags=258)
2026-03-23 19:09:06,210 [INFO] atlas: set ephemeris topography to (0.000000, 0.000000, 4.000000)
2026-03-23 19:09:06,210 [INFO] observatory: ok topo set (lat=0.000000, lon=0.000000, alt=4.0)
2026-03-23 19:09:06,210 [INFO] observatory: ok observatory initiation (dt=2026-03-23 19:09:06.210630, location:Location(lat=0.0, lon=0.0, alt=4.0))
2026-03-23 19:09:06,211 [INFO] atlas: config loaded from /home/clairaut/.config/atlas/atlas.toml
2026-03-23 19:09:06,211 [INFO] cli: CLI components initialized
2026-03-23 19:09:06,211 [INFO] atlas: set ephemeris topography to (0.000000, 0.000000, 4.000000)
2026-03-23 19:09:06,211 [INFO] observatory: ok topo set (lat=0.000000, lon=0.000000, alt=4.0)
2026-03-23 19:09:06,211 [INFO] observatory: ok observatory setting (dt=2026-03-23 19:09:06, location:Location(lat=0.0, lon=0.0, alt=4.0))
2026-03-23 19:09:06,211 [INFO] atlas: ok observatory alignment (zodiac=tropical, aya=None, flags=258)
2026-03-23 19:09:06,211 [INFO] atlas: ok observatory projection (system=ecliptic, flags=258)
2026-03-23 19:09:06,211 [INFO] atlas: calc_ut(target=2, jd=2461123.297986) -> ret=260; took 0.06 ms
2026-03-23 19:09:06,212 [INFO] atlas: ok observatory observation; (target ID=2, dt=2026-03-23 19:09:06, location=Location(lat=0.0, lon=0.0, alt=4.0))
2026-03-23 19:09:06,212 [INFO] wizard: celestial position: frame=ecliptic, pos=(338.9133408031691, 0.28037075961310554, 0.7268059806286922, 0.27705326868951013, -0.22731705768421726, 0.01305757978295477)
2026-03-23 19:09:06,212 [INFO] atlas: set ephemeris topography to (0.000000, 0.000000, 4.000000)
2026-03-23 19:09:06,212 [INFO] observatory: ok topo set (lat=0.000000, lon=0.000000, alt=4.0)
2026-03-23 19:09:06,212 [INFO] observatory: ok observatory setting (dt=2026-03-23 19:09:06, location:Location(lat=0.0, lon=0.0, alt=4.0))
2026-03-23 19:09:06,212 [INFO] atlas: ok observatory alignment (zodiac=tropical, aya=None, flags=258)
2026-03-23 19:09:06,212 [INFO] atlas: ok observatory projection (system=ecliptic, flags=258)
2026-03-23 19:09:06,212 [INFO] atlas: calc_ut(target=3, jd=2461123.297986) -> ret=260; took 0.03 ms
2026-03-23 19:09:06,212 [INFO] atlas: ok observatory observation; (target ID=3, dt=2026-03-23 19:09:06, location=Location(lat=0.0, lon=0.0, alt=4.0))
2026-03-23 19:09:06,212 [INFO] wizard: celestial position: frame=ecliptic, pos=(21.522212469503014, -0.7602803280410765, 1.5969214945744676, 1.2362528498902479, 0.03598632140527644, -0.00319215602840127)
2026-03-23 19:09:06,212 [INFO] atlas: set ephemeris topography to (0.000000, 0.000000, 4.000000)
2026-03-23 19:09:06,212 [INFO] observatory: ok topo set (lat=0.000000, lon=0.000000, alt=4.0)
2026-03-23 19:09:06,212 [INFO] observatory: ok observatory setting (dt=2026-03-23 19:09:06, location:Location(lat=0.0, lon=0.0, alt=4.0))
2026-03-23 19:09:06,212 [INFO] atlas: ok observatory alignment (zodiac=tropical, aya=None, flags=258)
2026-03-23 19:09:06,212 [INFO] atlas: ok observatory projection (system=ecliptic, flags=258)
2026-03-23 19:09:06,212 [INFO] atlas: calc_ut(target=4, jd=2461123.297986) -> ret=260; took 0.04 ms
2026-03-23 19:09:06,212 [INFO] atlas: ok observatory observation; (target ID=4, dt=2026-03-23 19:09:06, location=Location(lat=0.0, lon=0.0, alt=4.0))
2026-03-23 19:09:06,212 [INFO] wizard: celestial position: frame=ecliptic, pos=(346.6895003127538, -1.0685345230981247, 2.3076861639259008, 0.7851652293609598, 0.002522122018473644, -0.0015257374093888346)
2026-03-23 19:09:06,212 [INFO] atlas: set ephemeris topography to (0.000000, 0.000000, 4.000000)
2026-03-23 19:09:06,212 [INFO] observatory: ok topo set (lat=0.000000, lon=0.000000, alt=4.0)
2026-03-23 19:09:06,213 [INFO] observatory: ok observatory setting (dt=2026-03-23 19:09:06, location:Location(lat=0.0, lon=0.0, alt=4.0))
2026-03-23 19:09:06,213 [INFO] atlas: ok observatory alignment (zodiac=tropical, aya=None, flags=258)
2026-03-23 19:09:06,213 [INFO] atlas: ok observatory projection (system=ecliptic, flags=258)
2026-03-23 19:09:06,213 [INFO] atlas: calc_ut(target=6, jd=2461123.297986) -> ret=260; took 0.04 ms
2026-03-23 19:09:06,213 [INFO] atlas: ok observatory observation; (target ID=6, dt=2026-03-23 19:09:06, location=Location(lat=0.0, lon=0.0, alt=4.0))
2026-03-23 19:09:06,213 [INFO] wizard: celestial position: frame=ecliptic, pos=(4.524549667763279, -2.1243840566968952, 10.489052396954389, 0.12487739464302494, -0.0003061651967473442, 0.000381801179711005)
2026-03-23 19:09:10,703 [INFO] atlas: config loaded from /home/clairaut/.config/atlas/atlas.toml
2026-03-23 19:09:10,708 [INFO] atlas: set ephemeris to 
2026-03-23 19:09:10,708 [INFO] atlas: initialized EphemerisClient (ephe_path=, flags=258)
2026-03-23 19:09:10,708 [INFO] atlas: set ephemeris topography to (0.000000, 0.000000, 4.000000)
2026-03-23 19:09:10,708 [INFO] observatory: ok topo set (lat=0.000000, lon=0.000000, alt=4.0)
2026-03-23 19:09:10,709 [INFO] observatory: ok observatory initiation (dt=2026-03-23 19:09:10.708905, location:Location(lat=0.0, lon=0.0, alt=4.0))
2026-03-23 19:09:10,709 [INFO] atlas: config loaded from /home/clairaut/.config/atlas/atlas.toml
2026-03-23 19:09:10,709 [INFO] cli: CLI components initialized
2026-03-23 19:09:10,709 [INFO] atlas: set ephemeris topography to (0.000000, 0.000000, 4.000000)
2026-03-23 19:09:10,709 [INFO] observatory: ok topo set (lat=0.000000, lon=0.000000, alt=4.0)
2026-03-23 19:09:10,709 [INFO] observatory: ok observatory setting (dt=2026-03-23 19:09:10, location:Location(lat=0.0, lon=0.0, alt=4.0))
2026-03-23 19:09:10,709 [INFO] atlas: ok observatory alignment (zodiac=tropical, aya=None, flags=258)
2026-03-23 19:09:10,709 [INFO] atlas: ok observatory projection (system=ecliptic, flags=258)
2026-03-23 19:09:10,709 [INFO] atlas: calc_ut(target=2, jd=2461123.298032) -> ret=260; took 0.05 ms
2026-03-23 19:09:10,710 [INFO] atlas: ok observatory observation; (target ID=2, dt=2026-03-23 19:09:10, location=Location(lat=0.0, lon=0.0, alt=4.0))
2026-03-23 19:09:10,710 [INFO] wizard: celestial position: frame=ecliptic, pos=(338.9133536299084, 0.2803602354543612, 0.726806585093077, 0.2770572869387282, -0.22731672507537815, 0.01305759568202478)
2026-03-23 19:09:10,710 [INFO] atlas: set ephemeris topography to (0.000000, 0.000000, 4.000000)
2026-03-23 19:09:10,710 [INFO] observatory: ok topo set (lat=0.000000, lon=0.000000, alt=4.0)
2026-03-23 19:09:10,710 [INFO] observatory: ok observatory setting (dt=2026-03-23 19:09:10, location:Location(lat=0.0, lon=0.0, alt=4.0))
2026-03-23 19:09:10,710 [INFO] atlas: ok observatory alignment (zodiac=tropical, aya=None, flags=258)
2026-03-23 19:09:10,710 [INFO] atlas: ok observatory projection (system=ecliptic, flags=258)
2026-03-23 19:09:10,710 [INFO] atlas: calc_ut(target=3, jd=2461123.298032) -> ret=260; took 0.03 ms
2026-03-23 19:09:10,710 [INFO] atlas: ok observatory observation; (target ID=3, dt=2026-03-23 19:09:10, location=Location(lat=0.0, lon=0.0, alt=4.0))
2026-03-23 19:09:10,710 [INFO] wizard: celestial position: frame=ecliptic, pos=(21.522269703225447, -0.7602786617764099, 1.596921346666772, 1.23625280853414, 0.03598635660179134, -0.0031921583083515284)
2026-03-23 19:09:10,710 [INFO] atlas: set ephemeris topography to (0.000000, 0.000000, 4.000000)
2026-03-23 19:09:10,710 [INFO] observatory: ok topo set (lat=0.000000, lon=0.000000, alt=4.0)
2026-03-23 19:09:10,710 [INFO] observatory: ok observatory setting (dt=2026-03-23 19:09:10, location:Location(lat=0.0, lon=0.0, alt=4.0))
2026-03-23 19:09:10,710 [INFO] atlas: ok observatory alignment (zodiac=tropical, aya=None, flags=258)
2026-03-23 19:09:10,710 [INFO] atlas: ok observatory projection (system=ecliptic, flags=258)
2026-03-23 19:09:10,710 [INFO] atlas: calc_ut(target=4, jd=2461123.298032) -> ret=260; took 0.04 ms
2026-03-23 19:09:10,710 [INFO] atlas: ok observatory observation; (target ID=4, dt=2026-03-23 19:09:10, location=Location(lat=0.0, lon=0.0, alt=4.0))
2026-03-23 19:09:10,710 [INFO] wizard: celestial position: frame=ecliptic, pos=(346.68953666298, -1.0685344064778524, 2.3076860931137, 0.7851651944345803, 0.002522132016531453, -0.001525737550995786)
2026-03-23 19:09:10,710 [INFO] atlas: set ephemeris topography to (0.000000, 0.000000, 4.000000)
2026-03-23 19:09:10,711 [INFO] observatory: ok topo set (lat=0.000000, lon=0.000000, alt=4.0)
2026-03-23 19:09:10,711 [INFO] observatory: ok observatory setting (dt=2026-03-23 19:09:10, location:Location(lat=0.0, lon=0.0, alt=4.0))
2026-03-23 19:09:10,711 [INFO] atlas: ok observatory alignment (zodiac=tropical, aya=None, flags=258)
2026-03-23 19:09:10,711 [INFO] atlas: ok observatory projection (system=ecliptic, flags=258)
2026-03-23 19:09:10,711 [INFO] atlas: calc_ut(target=6, jd=2461123.298032) -> ret=260; took 0.04 ms
2026-03-23 19:09:10,711 [INFO] atlas: ok observatory observation; (target ID=6, dt=2026-03-23 19:09:10, location=Location(lat=0.0, lon=0.0, alt=4.0))
2026-03-23 19:09:10,711 [INFO] wizard: celestial position: frame=ecliptic, pos=(4.5245554491300295, -2.1243840708206365, 10.48905241379399, 0.12487739792969002, -0.0003061688687450837, 0.00038178596732592633)
2026-03-23 19:09:10,711 [INFO] atlas: set ephemeris topography to (0.000000, 0.000000, 4.000000)
2026-03-23 19:09:10,711 [INFO] observatory: ok topo set (lat=0.000000, lon=0.000000, alt=4.0)
2026-03-23 19:09:10,711 [INFO] observatory: ok observatory setting (dt=2026-03-23 19:09:10, location:Location(lat=0.0, lon=0.0, alt=4.0))
2026-03-23 19:09:10,711 [INFO] atlas: ok observatory alignment (zodiac=tropical, aya=None, flags=258)
2026-03-23 19:09:10,711 [INFO] atlas: ok observatory projection (system=ecliptic, flags=258)
2026-03-23 19:09:10,711 [INFO] atlas: calc_ut(target=12, jd=2461123.298032) -> ret=258; took 0.00 ms
2026-03-23 19:09:10,711 [INFO] atlas: ok observatory observation; (target ID=12, dt=2026-03-23 19:09:10, location=Location(lat=0.0, lon=0.0, alt=4.0))
2026-03-23 19:09:10,711 [INFO] wizard: celestial position: frame=ecliptic, pos=(250.42084592102253, -5.140202936772716, 0.002710625131722547, 0.11208992312939851, 0.0006765112361120298, 0.0)
2026-03-23 19:09:12,786 [INFO] atlas: config loaded from /home/clairaut/.config/atlas/atlas.toml
2026-03-23 19:09:12,791 [INFO] atlas: set ephemeris to 
2026-03-23 19:09:12,791 [INFO] atlas: initialized EphemerisClient (ephe_path=, flags=258)
2026-03-23 19:09:12,791 [INFO] atlas: set ephemeris topography to (0.000000, 0.000000, 4.000000)
2026-03-23 19:09:12,791 [INFO] observatory: ok topo set (lat=0.000000, lon=0.000000, alt=4.0)
2026-03-23 19:09:12,791 [INFO] observatory: ok observatory initiation (dt=2026-03-23 19:09:12.791661, location:Location(lat=0.0, lon=0.0, alt=4.0))
2026-03-23 19:09:12,792 [INFO] atlas: config loaded from /home/clairaut/.config/atlas/atlas.toml
2026-03-23 19:09:12,792 [INFO] cli: CLI components initialized
2026-03-23 19:09:12,792 [INFO] atlas: set ephemeris topography to (0.000000, 0.000000, 4.000000)
2026-03-23 19:09:12,792 [INFO] observatory: ok topo set (lat=0.000000, lon=0.000000, alt=4.0)
2026-03-23 19:09:12,792 [INFO] observatory: ok observatory setting (dt=2026-03-23 19:09:12, location:Location(lat=0.0, lon=0.0, alt=4.0))
2026-03-23 19:09:12,792 [INFO] atlas: ok observatory alignment (zodiac=tropical, aya=None, flags=258)
2026-03-23 19:09:12,792 [INFO] atlas: ok observatory projection (system=ecliptic, flags=258)
2026-03-23 19:09:12,792 [INFO] atlas: calc_ut(target=2, jd=2461123.298056) -> ret=260; took 0.05 ms
2026-03-23 19:09:12,792 [INFO] atlas: ok observatory observation; (target ID=2, dt=2026-03-23 19:09:12, location=Location(lat=0.0, lon=0.0, alt=4.0))
2026-03-23 19:09:12,792 [INFO] wizard: celestial position: frame=ecliptic, pos=(338.9133600436088, 0.2803549733124259, 0.7268068873320355, 0.2770592845847926, -0.2273165580567406, 0.013057603858198107)
2026-03-23 19:09:12,792 [INFO] atlas: set ephemeris topography to (0.000000, 0.000000, 4.000000)
2026-03-23 19:09:12,792 [INFO] observatory: ok topo set (lat=0.000000, lon=0.000000, alt=4.0)
2026-03-23 19:09:12,792 [INFO] observatory: ok observatory setting (dt=2026-03-23 19:09:12, location:Location(lat=0.0, lon=0.0, alt=4.0))
2026-03-23 19:09:12,792 [INFO] atlas: ok observatory alignment (zodiac=tropical, aya=None, flags=258)
2026-03-23 19:09:12,792 [INFO] atlas: ok observatory projection (system=ecliptic, flags=258)
2026-03-23 19:09:12,793 [INFO] atlas: calc_ut(target=3, jd=2461123.298056) -> ret=260; took 0.03 ms
2026-03-23 19:09:12,793 [INFO] atlas: ok observatory observation; (target ID=3, dt=2026-03-23 19:09:12, location=Location(lat=0.0, lon=0.0, alt=4.0))
2026-03-23 19:09:12,793 [INFO] wizard: celestial position: frame=ecliptic, pos=(21.522298320813068, -0.7602778286287699, 1.5969212727107889, 1.2362528040495049, 0.03598637293003728, -0.003192159773743593)
2026-03-23 19:09:12,793 [INFO] atlas: set ephemeris topography to (0.000000, 0.000000, 4.000000)
2026-03-23 19:09:12,793 [INFO] observatory: ok topo set (lat=0.000000, lon=0.000000, alt=4.0)
2026-03-23 19:09:12,793 [INFO] observatory: ok observatory setting (dt=2026-03-23 19:09:12, location:Location(lat=0.0, lon=0.0, alt=4.0))
2026-03-23 19:09:12,793 [INFO] atlas: ok observatory alignment (zodiac=tropical, aya=None, flags=258)
2026-03-23 19:09:12,793 [INFO] atlas: ok observatory projection (system=ecliptic, flags=258)
2026-03-23 19:09:12,793 [INFO] atlas: calc_ut(target=4, jd=2461123.298056) -> ret=260; took 0.03 ms
2026-03-23 19:09:12,793 [INFO] atlas: ok observatory observation; (target ID=4, dt=2026-03-23 19:09:12, location=Location(lat=0.0, lon=0.0, alt=4.0))
2026-03-23 19:09:12,793 [INFO] wizard: celestial position: frame=ecliptic, pos=(346.6895548386168, -1.068534348166586, 2.307686057707263, 0.785165217069356, 0.0025221303307746998, -0.0015257368295728115)
2026-03-23 19:09:12,793 [INFO] atlas: set ephemeris topography to (0.000000, 0.000000, 4.000000)
2026-03-23 19:09:12,793 [INFO] observatory: ok topo set (lat=0.000000, lon=0.000000, alt=4.0)
2026-03-23 19:09:12,793 [INFO] observatory: ok observatory setting (dt=2026-03-23 19:09:12, location:Location(lat=0.0, lon=0.0, alt=4.0))
2026-03-23 19:09:12,793 [INFO] atlas: ok observatory alignment (zodiac=tropical, aya=None, flags=258)
2026-03-23 19:09:12,793 [INFO] atlas: ok observatory projection (system=ecliptic, flags=258)
2026-03-23 19:09:12,793 [INFO] atlas: calc_ut(target=6, jd=2461123.298056) -> ret=260; took 0.04 ms
2026-03-23 19:09:12,793 [INFO] atlas: ok observatory observation; (target ID=6, dt=2026-03-23 19:09:12, location=Location(lat=0.0, lon=0.0, alt=4.0))
2026-03-23 19:09:12,793 [INFO] wizard: celestial position: frame=ecliptic, pos=(4.524558339982312, -2.1243840778812153, 10.48905242221049, 0.12487739805785446, -0.00030616969170623365, 0.00038178017046569675)
2026-03-23 19:09:12,793 [INFO] atlas: set ephemeris topography to (0.000000, 0.000000, 4.000000)
2026-03-23 19:09:12,793 [INFO] observatory: ok topo set (lat=0.000000, lon=0.000000, alt=4.0)
2026-03-23 19:09:12,794 [INFO] observatory: ok observatory setting (dt=2026-03-23 19:09:12, location:Location(lat=0.0, lon=0.0, alt=4.0))
2026-03-23 19:09:12,794 [INFO] atlas: ok observatory alignment (zodiac=tropical, aya=None, flags=258)
2026-03-23 19:09:12,794 [INFO] atlas: ok observatory projection (system=ecliptic, flags=258)
2026-03-23 19:09:12,794 [INFO] atlas: calc_ut(target=12, jd=2461123.298056) -> ret=258; took 0.00 ms
2026-03-23 19:09:12,794 [INFO] atlas: ok observatory observation; (target ID=12, dt=2026-03-23 19:09:12, location=Location(lat=0.0, lon=0.0, alt=4.0))
2026-03-23 19:09:12,794 [INFO] wizard: celestial position: frame=ecliptic, pos=(250.42084851574677, -5.1402029214047795, 0.0027106251317225456, 0.1120899399241953, 0.0006765119987477687, 0.0)
2026-03-23 19:09:12,794 [ERROR] cli: failed to handle observation command
2026-03-23 19:11:13,979 [INFO] atlas: config loaded from /home/clairaut/.config/atlas/atlas.toml
2026-03-23 19:11:13,985 [INFO] atlas: set ephemeris to 
2026-03-23 19:11:13,985 [INFO] atlas: initialized EphemerisClient (ephe_path=, flags=258)
2026-03-23 19:11:13,985 [INFO] atlas: set ephemeris topography to (0.000000, 0.000000, 4.000000)
2026-03-23 19:11:13,985 [INFO] observatory: ok topo set (lat=0.000000, lon=0.000000, alt=4.0)
2026-03-23 19:11:13,985 [INFO] observatory: ok observatory initiation (dt=2026-03-23 19:11:13.985196, location:Location(lat=0.0, lon=0.0, alt=4.0))
2026-03-23 19:11:13,985 [INFO] atlas: config loaded from /home/clairaut/.config/atlas/atlas.toml
2026-03-23 19:11:13,985 [INFO] cli: CLI components initialized
2026-03-23 19:11:13,985 [INFO] atlas: set ephemeris topography to (0.000000, 0.000000, 4.000000)
2026-03-23 19:11:13,985 [INFO] observatory: ok topo set (lat=0.000000, lon=0.000000, alt=4.0)
2026-03-23 19:11:13,985 [INFO] observatory: ok observatory setting (dt=2026-03-23 19:11:13, location:Location(lat=0.0, lon=0.0, alt=4.0))
2026-03-23 19:11:13,985 [INFO] atlas: ok observatory alignment (zodiac=tropical, aya=None, flags=258)
2026-03-23 19:11:13,985 [INFO] atlas: ok observatory projection (system=ecliptic, flags=258)
2026-03-23 19:11:13,986 [INFO] atlas: calc_ut(target=6, jd=2461123.299456) -> ret=260; took 0.06 ms
2026-03-23 19:11:13,986 [INFO] atlas: ok observatory observation; (target ID=6, dt=2026-03-23 19:11:13, location=Location(lat=0.0, lon=0.0, alt=4.0))
2026-03-23 19:11:13,986 [INFO] wizard: celestial position: frame=ecliptic, pos=(4.524733227075815, -2.124384505151439, 10.489052931300495, 0.12487743022704405, -0.0003062427838750772, 0.0003814306643995094)
2026-03-23 19:11:17,684 [INFO] atlas: config loaded from /home/clairaut/.config/atlas/atlas.toml
2026-03-23 19:11:17,690 [INFO] atlas: set ephemeris to 
2026-03-23 19:11:17,690 [INFO] atlas: initialized EphemerisClient (ephe_path=, flags=258)
2026-03-23 19:11:17,690 [INFO] atlas: set ephemeris topography to (0.000000, 0.000000, 4.000000)
2026-03-23 19:11:17,690 [INFO] observatory: ok topo set (lat=0.000000, lon=0.000000, alt=4.0)
2026-03-23 19:11:17,690 [INFO] observatory: ok observatory initiation (dt=2026-03-23 19:11:17.690192, location:Location(lat=0.0, lon=0.0, alt=4.0))
2026-03-23 19:11:17,690 [INFO] atlas: config loaded from /home/clairaut/.config/atlas/atlas.toml
2026-03-23 19:11:17,690 [INFO] cli: CLI components initialized
2026-03-23 19:11:17,690 [INFO] atlas: set ephemeris topography to (0.000000, 0.000000, 4.000000)
2026-03-23 19:11:17,690 [INFO] observatory: ok topo set (lat=0.000000, lon=0.000000, alt=4.0)
2026-03-23 19:11:17,690 [INFO] observatory: ok observatory setting (dt=2026-03-23 19:11:17, location:Location(lat=0.0, lon=0.0, alt=4.0))
2026-03-23 19:11:17,690 [INFO] atlas: ok observatory alignment (zodiac=tropical, aya=None, flags=258)
2026-03-23 19:11:17,690 [INFO] atlas: ok observatory projection (system=ecliptic, flags=258)
2026-03-23 19:11:17,691 [INFO] atlas: calc_ut(target=6, jd=2461123.299502) -> ret=260; took 0.06 ms
2026-03-23 19:11:17,691 [INFO] atlas: ok observatory observation; (target ID=6, dt=2026-03-23 19:11:17, location=Location(lat=0.0, lon=0.0, alt=4.0))
2026-03-23 19:11:17,691 [INFO] wizard: celestial position: frame=ecliptic, pos=(4.52473900851936, -2.1243845192782898, 10.489052948121076, 0.12487743345058279, -0.00030624606780137544, 0.0003814154597161467)
2026-03-23 19:11:17,691 [INFO] atlas: set ephemeris topography to (0.000000, 0.000000, 4.000000)
2026-03-23 19:11:17,691 [INFO] observatory: ok topo set (lat=0.000000, lon=0.000000, alt=4.0)
2026-03-23 19:11:17,691 [INFO] observatory: ok observatory setting (dt=2026-03-23 19:11:17, location:Location(lat=0.0, lon=0.0, alt=4.0))
2026-03-23 19:11:17,691 [INFO] atlas: ok observatory alignment (zodiac=tropical, aya=None, flags=258)
2026-03-23 19:11:17,691 [INFO] atlas: ok observatory projection (system=ecliptic, flags=258)
2026-03-23 19:11:17,691 [INFO] atlas: calc_ut(target=4, jd=2461123.299502) -> ret=260; took 0.04 ms
2026-03-23 19:11:17,691 [INFO] atlas: ok observatory observation; (target ID=4, dt=2026-03-23 19:11:17, location=Location(lat=0.0, lon=0.0, alt=4.0))
2026-03-23 19:11:17,691 [INFO] wizard: celestial position: frame=ecliptic, pos=(346.6906907845843, -1.068530703683085, 2.3076838447724226, 0.785164775121993, 0.0025222985175735358, -0.0015257434232144142)
2026-03-23 19:11:19,478 [INFO] atlas: config loaded from /home/clairaut/.config/atlas/atlas.toml
2026-03-23 19:11:19,483 [INFO] atlas: set ephemeris to 
2026-03-23 19:11:19,483 [INFO] atlas: initialized EphemerisClient (ephe_path=, flags=258)
2026-03-23 19:11:19,483 [INFO] atlas: set ephemeris topography to (0.000000, 0.000000, 4.000000)
2026-03-23 19:11:19,483 [INFO] observatory: ok topo set (lat=0.000000, lon=0.000000, alt=4.0)
2026-03-23 19:11:19,483 [INFO] observatory: ok observatory initiation (dt=2026-03-23 19:11:19.483755, location:Location(lat=0.0, lon=0.0, alt=4.0))
2026-03-23 19:11:19,484 [INFO] atlas: config loaded from /home/clairaut/.config/atlas/atlas.toml
2026-03-23 19:11:19,484 [INFO] cli: CLI components initialized
2026-03-23 19:11:19,484 [INFO] atlas: set ephemeris topography to (0.000000, 0.000000, 4.000000)
2026-03-23 19:11:19,484 [INFO] observatory: ok topo set (lat=0.000000, lon=0.000000, alt=4.0)
2026-03-23 19:11:19,484 [INFO] observatory: ok observatory setting (dt=2026-03-23 19:11:19, location:Location(lat=0.0, lon=0.0, alt=4.0))
2026-03-23 19:11:19,484 [INFO] atlas: ok observatory alignment (zodiac=tropical, aya=None, flags=258)
2026-03-23 19:11:19,484 [INFO] atlas: ok observatory projection (system=ecliptic, flags=258)
2026-03-23 19:11:19,484 [INFO] atlas: calc_ut(target=6, jd=2461123.299525) -> ret=260; took 0.06 ms
2026-03-23 19:11:19,484 [INFO] atlas: ok observatory observation; (target ID=6, dt=2026-03-23 19:11:19, location=Location(lat=0.0, lon=0.0, alt=4.0))
2026-03-23 19:11:19,484 [INFO] wizard: celestial position: frame=ecliptic, pos=(4.524741899180669, -2.1243845263407115, 10.489052956530996, 0.12487743464348058, -0.0003062467308012851, 0.0003814096112332358)
2026-03-23 19:11:19,484 [INFO] atlas: set ephemeris topography to (0.000000, 0.000000, 4.000000)
2026-03-23 19:11:19,484 [INFO] observatory: ok topo set (lat=0.000000, lon=0.000000, alt=4.0)
2026-03-23 19:11:19,484 [INFO] observatory: ok observatory setting (dt=2026-03-23 19:11:19, location:Location(lat=0.0, lon=0.0, alt=4.0))
2026-03-23 19:11:19,484 [INFO] atlas: ok observatory alignment (zodiac=tropical, aya=None, flags=258)
2026-03-23 19:11:19,484 [INFO] atlas: ok observatory projection (system=ecliptic, flags=258)
2026-03-23 19:11:19,484 [INFO] atlas: calc_ut(target=4, jd=2461123.299525) -> ret=260; took 0.04 ms
2026-03-23 19:11:19,484 [INFO] atlas: ok observatory observation; (target ID=4, dt=2026-03-23 19:11:19, location=Location(lat=0.0, lon=0.0, alt=4.0))
2026-03-23 19:11:19,484 [INFO] wizard: celestial position: frame=ecliptic, pos=(346.69070895958595, -1.0685306453704588, 2.3076838093654928, 0.7851647627177464, 0.0025223032267012854, -0.0015257443977031067)
2026-03-23 19:11:19,485 [INFO] atlas: set ephemeris topography to (0.000000, 0.000000, 4.000000)
2026-03-23 19:11:19,485 [INFO] observatory: ok topo set (lat=0.000000, lon=0.000000, alt=4.0)
2026-03-23 19:11:19,485 [INFO] observatory: ok observatory setting (dt=2026-03-23 19:11:19, location:Location(lat=0.0, lon=0.0, alt=4.0))
2026-03-23 19:11:19,485 [INFO] atlas: ok observatory alignment (zodiac=tropical, aya=None, flags=258)
2026-03-23 19:11:19,485 [INFO] atlas: ok observatory projection (system=ecliptic, flags=258)
2026-03-23 19:11:19,485 [INFO] atlas: calc_ut(target=3, jd=2461123.299525) -> ret=260; took 0.03 ms
2026-03-23 19:11:19,485 [INFO] atlas: ok observatory observation; (target ID=3, dt=2026-03-23 19:11:19, location=Location(lat=0.0, lon=0.0, alt=4.0))
2026-03-23 19:11:19,485 [INFO] wizard: celestial position: frame=ecliptic, pos=(21.52411549798548, -0.760224923756232, 1.596916576591806, 1.236251961052345, 0.0359874202968129, -0.0031922328125214344)
2026-03-23 19:11:22,624 [INFO] atlas: config loaded from /home/clairaut/.config/atlas/atlas.toml
2026-03-23 19:11:22,629 [INFO] atlas: set ephemeris to 
2026-03-23 19:11:22,629 [INFO] atlas: initialized EphemerisClient (ephe_path=, flags=258)
2026-03-23 19:11:22,629 [INFO] atlas: set ephemeris topography to (0.000000, 0.000000, 4.000000)
2026-03-23 19:11:22,629 [INFO] observatory: ok topo set (lat=0.000000, lon=0.000000, alt=4.0)
2026-03-23 19:11:22,629 [INFO] observatory: ok observatory initiation (dt=2026-03-23 19:11:22.629778, location:Location(lat=0.0, lon=0.0, alt=4.0))
2026-03-23 19:11:22,630 [INFO] atlas: config loaded from /home/clairaut/.config/atlas/atlas.toml
2026-03-23 19:11:22,630 [INFO] cli: CLI components initialized
2026-03-23 19:11:22,630 [INFO] atlas: set ephemeris topography to (0.000000, 0.000000, 4.000000)
2026-03-23 19:11:22,630 [INFO] observatory: ok topo set (lat=0.000000, lon=0.000000, alt=4.0)
2026-03-23 19:11:22,630 [INFO] observatory: ok observatory setting (dt=2026-03-23 19:11:22, location:Location(lat=0.0, lon=0.0, alt=4.0))
2026-03-23 19:11:22,630 [INFO] atlas: ok observatory alignment (zodiac=tropical, aya=None, flags=258)
2026-03-23 19:11:22,630 [INFO] atlas: ok observatory projection (system=ecliptic, flags=258)
2026-03-23 19:11:22,630 [INFO] atlas: calc_ut(target=6, jd=2461123.299560) -> ret=260; took 0.09 ms
2026-03-23 19:11:22,630 [INFO] atlas: ok observatory observation; (target ID=6, dt=2026-03-23 19:11:22, location=Location(lat=0.0, lon=0.0, alt=4.0))
2026-03-23 19:11:22,630 [INFO] wizard: celestial position: frame=ecliptic, pos=(4.524746235274452, -2.124384536936095, 10.489052969145144, 0.12487743642819574, -0.0003062484765156948, 0.0003814043401763978)
2026-03-23 19:11:22,630 [INFO] atlas: set ephemeris topography to (0.000000, 0.000000, 4.000000)
2026-03-23 19:11:22,630 [INFO] observatory: ok topo set (lat=0.000000, lon=0.000000, alt=4.0)
2026-03-23 19:11:22,630 [INFO] observatory: ok observatory setting (dt=2026-03-23 19:11:22, location:Location(lat=0.0, lon=0.0, alt=4.0))
2026-03-23 19:11:22,631 [INFO] atlas: ok observatory alignment (zodiac=tropical, aya=None, flags=258)
2026-03-23 19:11:22,631 [INFO] atlas: ok observatory projection (system=ecliptic, flags=258)
2026-03-23 19:11:22,631 [INFO] atlas: calc_ut(target=4, jd=2461123.299560) -> ret=260; took 0.03 ms
2026-03-23 19:11:22,631 [INFO] atlas: ok observatory observation; (target ID=4, dt=2026-03-23 19:11:22, location=Location(lat=0.0, lon=0.0, alt=4.0))
2026-03-23 19:11:22,631 [INFO] wizard: celestial position: frame=ecliptic, pos=(346.69073622210726, -1.068530557900469, 2.3076837562548103, 0.7851647569590486, 0.0025223059092142138, -0.0015257444649700513)
2026-03-23 19:11:22,631 [INFO] atlas: set ephemeris topography to (0.000000, 0.000000, 4.000000)
2026-03-23 19:11:22,631 [INFO] observatory: ok topo set (lat=0.000000, lon=0.000000, alt=4.0)
2026-03-23 19:11:22,631 [INFO] observatory: ok observatory setting (dt=2026-03-23 19:11:22, location:Location(lat=0.0, lon=0.0, alt=4.0))
2026-03-23 19:11:22,631 [INFO] atlas: ok observatory alignment (zodiac=tropical, aya=None, flags=258)
2026-03-23 19:11:22,631 [INFO] atlas: ok observatory projection (system=ecliptic, flags=258)
2026-03-23 19:11:22,631 [INFO] atlas: calc_ut(target=3, jd=2461123.299560) -> ret=260; took 0.02 ms
2026-03-23 19:11:22,631 [INFO] atlas: ok observatory observation; (target ID=3, dt=2026-03-23 19:11:22, location=Location(lat=0.0, lon=0.0, alt=4.0))
2026-03-23 19:11:22,631 [INFO] wizard: celestial position: frame=ecliptic, pos=(21.52415842314047, -0.7602236740266062, 1.5969164656601464, 1.236251946795338, 0.035987444858229654, -0.0031922349676062464)
2026-03-23 19:11:22,631 [ERROR] cli: failed to handle observation command
2026-03-23 19:12:28,914 [INFO] atlas: config loaded from /home/clairaut/.config/atlas/atlas.toml
2026-03-23 19:12:28,920 [INFO] atlas: set ephemeris to 
2026-03-23 19:12:28,920 [INFO] atlas: initialized EphemerisClient (ephe_path=, flags=258)
2026-03-23 19:12:28,920 [INFO] atlas: set ephemeris topography to (0.000000, 0.000000, 4.000000)
2026-03-23 19:12:28,920 [INFO] observatory: ok topo set (lat=0.000000, lon=0.000000, alt=4.0)
2026-03-23 19:12:28,920 [INFO] observatory: ok observatory initiation (dt=2026-03-23 19:12:28.920258, location:Location(lat=0.0, lon=0.0, alt=4.0))
2026-03-23 19:12:28,920 [INFO] atlas: config loaded from /home/clairaut/.config/atlas/atlas.toml
2026-03-23 19:12:28,920 [INFO] cli: CLI components initialized
2026-03-23 19:12:28,920 [INFO] atlas: set ephemeris topography to (0.000000, 0.000000, 4.000000)
2026-03-23 19:12:28,920 [INFO] observatory: ok topo set (lat=0.000000, lon=0.000000, alt=4.0)
2026-03-23 19:12:28,920 [INFO] observatory: ok observatory setting (dt=2026-03-23 19:12:28, location:Location(lat=0.0, lon=0.0, alt=4.0))
2026-03-23 19:12:28,920 [INFO] atlas: ok observatory alignment (zodiac=tropical, aya=None, flags=258)
2026-03-23 19:12:28,921 [INFO] atlas: ok observatory projection (system=ecliptic, flags=258)
2026-03-23 19:12:28,921 [INFO] atlas: calc_ut(target=6, jd=2461123.300324) -> ret=260; took 0.06 ms
2026-03-23 19:12:28,921 [INFO] atlas: ok observatory observation; (target ID=6, dt=2026-03-23 19:12:28, location=Location(lat=0.0, lon=0.0, alt=4.0))
2026-03-23 19:12:28,921 [INFO] wizard: celestial position: frame=ecliptic, pos=(4.524841628319125, -2.124384770042499, 10.489053246602882, 0.12487745322732154, -0.0003062875439942501, 0.000381211792411386)
2026-03-23 19:12:28,921 [INFO] atlas: set ephemeris topography to (0.000000, 0.000000, 4.000000)
2026-03-23 19:12:28,921 [INFO] observatory: ok topo set (lat=0.000000, lon=0.000000, alt=4.0)
2026-03-23 19:12:28,921 [INFO] observatory: ok observatory setting (dt=2026-03-23 19:12:28, location:Location(lat=0.0, lon=0.0, alt=4.0))
2026-03-23 19:12:28,921 [INFO] atlas: ok observatory alignment (zodiac=tropical, aya=None, flags=258)
2026-03-23 19:12:28,921 [INFO] atlas: ok observatory projection (system=ecliptic, flags=258)
2026-03-23 19:12:28,921 [INFO] atlas: calc_ut(target=4, jd=2461123.300324) -> ret=260; took 0.04 ms
2026-03-23 19:12:28,921 [INFO] atlas: ok observatory observation; (target ID=4, dt=2026-03-23 19:12:28, location=Location(lat=0.0, lon=0.0, alt=4.0))
2026-03-23 19:12:28,921 [INFO] wizard: celestial position: frame=ecliptic, pos=(346.69133600159336, -1.068528633508149, 2.3076825878230207, 0.7851645128083673, 0.0025223918740990073, -0.001525747963348281)
2026-03-23 19:12:28,921 [INFO] atlas: set ephemeris topography to (0.000000, 0.000000, 4.000000)
2026-03-23 19:12:28,921 [INFO] observatory: ok topo set (lat=0.000000, lon=0.000000, alt=4.0)
2026-03-23 19:12:28,921 [INFO] observatory: ok observatory setting (dt=2026-03-23 19:12:28, location:Location(lat=0.0, lon=0.0, alt=4.0))
2026-03-23 19:12:28,921 [INFO] atlas: ok observatory alignment (zodiac=tropical, aya=None, flags=258)
2026-03-23 19:12:28,921 [INFO] atlas: ok observatory projection (system=ecliptic, flags=258)
2026-03-23 19:12:28,921 [INFO] atlas: calc_ut(target=3, jd=2461123.300324) -> ret=260; took 0.03 ms
2026-03-23 19:12:28,921 [INFO] atlas: ok observatory observation; (target ID=3, dt=2026-03-23 19:12:28, location=Location(lat=0.0, lon=0.0, alt=4.0))
2026-03-23 19:12:28,921 [INFO] wizard: celestial position: frame=ecliptic, pos=(21.525102782707343, -0.760196179522365, 1.5969140251114282, 1.2362515084006316, 0.03598798680339336, -0.003192272815500561)
2026-03-23 19:12:28,921 [ERROR] cli: failed to handle observation command
2026-03-23 19:12:37,538 [INFO] atlas: config loaded from /home/clairaut/.config/atlas/atlas.toml
2026-03-23 19:12:37,543 [INFO] atlas: set ephemeris to 
2026-03-23 19:12:37,543 [INFO] atlas: initialized EphemerisClient (ephe_path=, flags=258)
2026-03-23 19:12:37,543 [INFO] atlas: set ephemeris topography to (0.000000, 0.000000, 4.000000)
2026-03-23 19:12:37,543 [INFO] observatory: ok topo set (lat=0.000000, lon=0.000000, alt=4.0)
2026-03-23 19:12:37,543 [INFO] observatory: ok observatory initiation (dt=2026-03-23 19:12:37.543350, location:Location(lat=0.0, lon=0.0, alt=4.0))
2026-03-23 19:12:37,543 [INFO] atlas: config loaded from /home/clairaut/.config/atlas/atlas.toml
2026-03-23 19:12:37,543 [INFO] cli: CLI components initialized
2026-03-23 19:12:37,543 [INFO] atlas: set ephemeris topography to (0.000000, 0.000000, 4.000000)
2026-03-23 19:12:37,544 [INFO] observatory: ok topo set (lat=0.000000, lon=0.000000, alt=4.0)
2026-03-23 19:12:37,544 [INFO] observatory: ok observatory setting (dt=2026-03-23 19:12:37, location:Location(lat=0.0, lon=0.0, alt=4.0))
2026-03-23 19:12:37,544 [INFO] atlas: ok observatory alignment (zodiac=tropical, aya=None, flags=258)
2026-03-23 19:12:37,544 [INFO] atlas: ok observatory projection (system=ecliptic, flags=258)
2026-03-23 19:12:37,544 [INFO] atlas: calc_ut(target=6, jd=2461123.300428) -> ret=260; took 0.06 ms
2026-03-23 19:12:37,544 [INFO] atlas: ok observatory observation; (target ID=6, dt=2026-03-23 19:12:37, location=Location(lat=0.0, lon=0.0, alt=4.0))
2026-03-23 19:12:37,544 [INFO] wizard: celestial position: frame=ecliptic, pos=(4.524854636441721, -2.1243848018320772, 10.489053284426348, 0.12487745927469192, -0.00030629443556628137, 0.0003811820478430008)
2026-03-23 19:12:37,544 [INFO] atlas: set ephemeris topography to (0.000000, 0.000000, 4.000000)
2026-03-23 19:12:37,544 [INFO] observatory: ok topo set (lat=0.000000, lon=0.000000, alt=4.0)
2026-03-23 19:12:37,544 [INFO] observatory: ok observatory setting (dt=2026-03-23 19:12:37, location:Location(lat=0.0, lon=0.0, alt=4.0))
2026-03-23 19:12:37,544 [INFO] atlas: ok observatory alignment (zodiac=tropical, aya=None, flags=258)
2026-03-23 19:12:37,544 [INFO] atlas: ok observatory projection (system=ecliptic, flags=258)
2026-03-23 19:12:37,544 [INFO] atlas: calc_ut(target=4, jd=2461123.300428) -> ret=260; took 0.03 ms
2026-03-23 19:12:37,544 [INFO] atlas: ok observatory observation; (target ID=4, dt=2026-03-23 19:12:37, location=Location(lat=0.0, lon=0.0, alt=4.0))
2026-03-23 19:12:37,544 [INFO] wizard: celestial position: frame=ecliptic, pos=(346.69141778955895, -1.0685283710853557, 2.3076824284910558, 0.7851644940962561, 0.002522407816480583, -0.0015257476459017464)
2026-03-23 19:12:37,544 [INFO] atlas: set ephemeris topography to (0.000000, 0.000000, 4.000000)
2026-03-23 19:12:37,544 [INFO] observatory: ok topo set (lat=0.000000, lon=0.000000, alt=4.0)
2026-03-23 19:12:37,544 [INFO] observatory: ok observatory setting (dt=2026-03-23 19:12:37, location:Location(lat=0.0, lon=0.0, alt=4.0))
2026-03-23 19:12:37,544 [INFO] atlas: ok observatory alignment (zodiac=tropical, aya=None, flags=258)
2026-03-23 19:12:37,544 [INFO] atlas: ok observatory projection (system=ecliptic, flags=258)
2026-03-23 19:12:37,544 [INFO] atlas: calc_ut(target=3, jd=2461123.300428) -> ret=260; took 0.03 ms
2026-03-23 19:12:37,544 [INFO] atlas: ok observatory observation; (target ID=3, dt=2026-03-23 19:12:37, location=Location(lat=0.0, lon=0.0, alt=4.0))
2026-03-23 19:12:37,544 [INFO] wizard: celestial position: frame=ecliptic, pos=(21.52523155882679, -0.7601924302486561, 1.5969136923075646, 1.236251454488109, 0.035988058930965815, -0.003192278453902761)
2026-03-23 19:12:41,275 [INFO] atlas: config loaded from /home/clairaut/.config/atlas/atlas.toml
2026-03-23 19:12:41,281 [INFO] atlas: set ephemeris to 
2026-03-23 19:12:41,281 [INFO] atlas: initialized EphemerisClient (ephe_path=, flags=258)
2026-03-23 19:12:41,281 [INFO] atlas: set ephemeris topography to (0.000000, 0.000000, 4.000000)
2026-03-23 19:12:41,281 [INFO] observatory: ok topo set (lat=0.000000, lon=0.000000, alt=4.0)
2026-03-23 19:12:41,281 [INFO] observatory: ok observatory initiation (dt=2026-03-23 19:12:41.281108, location:Location(lat=0.0, lon=0.0, alt=4.0))
2026-03-23 19:12:41,281 [INFO] atlas: config loaded from /home/clairaut/.config/atlas/atlas.toml
2026-03-23 19:12:41,281 [INFO] cli: CLI components initialized
2026-03-23 19:12:41,281 [INFO] atlas: set ephemeris topography to (0.000000, 0.000000, 4.000000)
2026-03-23 19:12:41,281 [INFO] observatory: ok topo set (lat=0.000000, lon=0.000000, alt=4.0)
2026-03-23 19:12:41,281 [INFO] observatory: ok observatory setting (dt=2026-03-23 19:12:41, location:Location(lat=0.0, lon=0.0, alt=4.0))
2026-03-23 19:12:41,281 [INFO] atlas: ok observatory alignment (zodiac=tropical, aya=None, flags=258)
2026-03-23 19:12:41,281 [INFO] atlas: ok observatory projection (system=ecliptic, flags=258)
2026-03-23 19:12:41,281 [INFO] atlas: calc_ut(target=6, jd=2461123.300475) -> ret=260; took 0.06 ms
2026-03-23 19:12:41,281 [INFO] atlas: ok observatory observation; (target ID=6, dt=2026-03-23 19:12:41, location=Location(lat=0.0, lon=0.0, alt=4.0))
2026-03-23 19:12:41,282 [INFO] wizard: celestial position: frame=ecliptic, pos=(4.524860417881439, -2.1243848159596714, 10.489053301236513, 0.12487745583917019, -0.0003062959140324203, 0.0003811738502087228)
2026-03-23 19:12:41,282 [INFO] atlas: set ephemeris topography to (0.000000, 0.000000, 4.000000)
2026-03-23 19:12:41,282 [INFO] observatory: ok topo set (lat=0.000000, lon=0.000000, alt=4.0)
2026-03-23 19:12:41,282 [INFO] observatory: ok observatory setting (dt=2026-03-23 19:12:41, location:Location(lat=0.0, lon=0.0, alt=4.0))
2026-03-23 19:12:41,282 [INFO] atlas: ok observatory alignment (zodiac=tropical, aya=None, flags=258)
2026-03-23 19:12:41,282 [INFO] atlas: ok observatory projection (system=ecliptic, flags=258)
2026-03-23 19:12:41,282 [INFO] atlas: calc_ut(target=4, jd=2461123.300475) -> ret=260; took 0.04 ms
2026-03-23 19:12:41,282 [INFO] atlas: ok observatory observation; (target ID=4, dt=2026-03-23 19:12:41, location=Location(lat=0.0, lon=0.0, alt=4.0))
2026-03-23 19:12:41,282 [INFO] wizard: celestial position: frame=ecliptic, pos=(346.6914541401098, -1.0685282544521542, 2.3076823576773955, 0.7851644809912377, 0.002522411756490412, -0.0015257487280508446)
2026-03-23 19:12:41,282 [INFO] atlas: set ephemeris topography to (0.000000, 0.000000, 4.000000)
2026-03-23 19:12:41,282 [INFO] observatory: ok topo set (lat=0.000000, lon=0.000000, alt=4.0)
2026-03-23 19:12:41,282 [INFO] observatory: ok observatory setting (dt=2026-03-23 19:12:41, location:Location(lat=0.0, lon=0.0, alt=4.0))
2026-03-23 19:12:41,282 [INFO] atlas: ok observatory alignment (zodiac=tropical, aya=None, flags=258)
2026-03-23 19:12:41,282 [INFO] atlas: ok observatory projection (system=ecliptic, flags=258)
2026-03-23 19:12:41,282 [INFO] atlas: calc_ut(target=3, jd=2461123.300475) -> ret=260; took 0.03 ms
2026-03-23 19:12:41,282 [INFO] atlas: ok observatory observation; (target ID=3, dt=2026-03-23 19:12:41, location=Location(lat=0.0, lon=0.0, alt=4.0))
2026-03-23 19:12:41,282 [INFO] wizard: celestial position: frame=ecliptic, pos=(21.525288792996744, -0.7601907638863825, 1.596913544393753, 1.2362513995397446, 0.035988094016854356, -0.0031922808601897237)
2026-03-23 19:12:58,828 [INFO] atlas: config loaded from /home/clairaut/.config/atlas/atlas.toml
2026-03-23 19:12:58,833 [INFO] atlas: set ephemeris to 
2026-03-23 19:12:58,833 [INFO] atlas: initialized EphemerisClient (ephe_path=, flags=258)
2026-03-23 19:12:58,833 [INFO] atlas: set ephemeris topography to (0.000000, 0.000000, 4.000000)
2026-03-23 19:12:58,833 [INFO] observatory: ok topo set (lat=0.000000, lon=0.000000, alt=4.0)
2026-03-23 19:12:58,833 [INFO] observatory: ok observatory initiation (dt=2026-03-23 19:12:58.833804, location:Location(lat=0.0, lon=0.0, alt=4.0))
2026-03-23 19:12:58,834 [INFO] atlas: config loaded from /home/clairaut/.config/atlas/atlas.toml
2026-03-23 19:12:58,834 [INFO] cli: CLI components initialized
2026-03-23 19:12:58,834 [INFO] atlas: set ephemeris topography to (0.000000, 0.000000, 4.000000)
2026-03-23 19:12:58,834 [INFO] observatory: ok topo set (lat=0.000000, lon=0.000000, alt=4.0)
2026-03-23 19:12:58,834 [INFO] observatory: ok observatory setting (dt=2026-03-23 19:12:58, location:Location(lat=0.0, lon=0.0, alt=4.0))
2026-03-23 19:12:58,834 [INFO] atlas: ok observatory alignment (zodiac=tropical, aya=None, flags=258)
2026-03-23 19:12:58,834 [INFO] atlas: ok observatory projection (system=ecliptic, flags=258)
2026-03-23 19:12:58,834 [INFO] atlas: calc_ut(target=3, jd=2461123.300671) -> ret=260; took 0.08 ms
2026-03-23 19:12:58,834 [INFO] atlas: ok observatory observation; (target ID=3, dt=2026-03-23 19:12:58, location=Location(lat=0.0, lon=0.0, alt=4.0))
2026-03-23 19:12:58,834 [INFO] wizard: celestial position: frame=ecliptic, pos=(21.52553203676595, -0.760183681886443, 1.5969129157630981, 1.2362513160900823, 0.03598823553925162, -0.0031922906276033304)
2026-03-23 19:24:28,823 [INFO] atlas: config loaded from /home/clairaut/.config/atlas/atlas.toml
2026-03-23 19:24:28,828 [INFO] atlas: config loaded from /home/clairaut/.config/atlas/atlas.toml
2026-03-23 19:24:31,242 [INFO] atlas: config loaded from /home/clairaut/.config/atlas/atlas.toml
2026-03-23 19:24:31,248 [INFO] atlas: config loaded from /home/clairaut/.config/atlas/atlas.toml
2026-03-23 19:24:34,026 [INFO] atlas: config loaded from /home/clairaut/.config/atlas/atlas.toml
2026-03-23 19:24:34,031 [INFO] atlas: config loaded from /home/clairaut/.config/atlas/atlas.toml
2026-03-23 19:24:36,666 [INFO] atlas: config loaded from /home/clairaut/.config/atlas/atlas.toml
2026-03-23 19:24:36,671 [INFO] atlas: config loaded from /home/clairaut/.config/atlas/atlas.toml
2026-03-23 19:24:46,321 [INFO] atlas: config loaded from /home/clairaut/.config/atlas/atlas.toml
2026-03-23 19:24:46,327 [INFO] atlas: config loaded from /home/clairaut/.config/atlas/atlas.toml
2026-03-23 21:13:27,524 [INFO] atlas: config loaded from /home/clairaut/.config/atlas/atlas.toml
2026-03-23 21:13:27,530 [ERROR] cli: invalid time argument input for observation parser
2026-03-23 21:13:27,530 [INFO] atlas: config loaded from /home/clairaut/.config/atlas/atlas.toml
2026-03-23 21:13:32,944 [INFO] atlas: config loaded from /home/clairaut/.config/atlas/atlas.toml
2026-03-23 21:13:32,949 [ERROR] cli: invalid time argument input for observation parser
2026-03-23 21:13:32,950 [INFO] atlas: config loaded from /home/clairaut/.config/atlas/atlas.toml
2026-03-23 21:13:39,070 [INFO] atlas: config loaded from /home/clairaut/.config/atlas/atlas.toml
2026-03-23 21:13:39,075 [ERROR] cli: invalid time argument input for observation parser
2026-03-23 21:13:39,076 [INFO] atlas: config loaded from /home/clairaut/.config/atlas/atlas.toml
2026-03-23 21:18:16,069 [INFO] atlas: config loaded from /home/clairaut/.config/atlas/atlas.toml
2026-03-23 21:18:16,074 [INFO] atlas: config loaded from /home/clairaut/.config/atlas/atlas.toml
2026-03-23 21:18:26,793 [INFO] atlas: config loaded from /home/clairaut/.config/atlas/atlas.toml
2026-03-23 21:18:26,799 [INFO] atlas: config loaded from /home/clairaut/.config/atlas/atlas.toml
2026-03-23 21:18:31,949 [INFO] atlas: config loaded from /home/clairaut/.config/atlas/atlas.toml
2026-03-23 21:18:31,955 [INFO] atlas: config loaded from /home/clairaut/.config/atlas/atlas.toml
2026-03-23 21:18:53,210 [INFO] atlas: config loaded from /home/clairaut/.config/atlas/atlas.toml
2026-03-23 21:18:53,215 [INFO] atlas: config loaded from /home/clairaut/.config/atlas/atlas.toml
2026-03-23 21:19:00,357 [INFO] atlas: config loaded from /home/clairaut/.config/atlas/atlas.toml
2026-03-23 21:19:00,363 [INFO] atlas: config loaded from /home/clairaut/.config/atlas/atlas.toml
2026-03-23 21:19:11,192 [INFO] atlas: config loaded from /home/clairaut/.config/atlas/atlas.toml
2026-03-23 21:19:11,198 [INFO] atlas: config loaded from /home/clairaut/.config/atlas/atlas.toml
2026-03-23 21:19:14,225 [INFO] atlas: config loaded from /home/clairaut/.config/atlas/atlas.toml
2026-03-23 21:19:14,231 [INFO] atlas: config loaded from /home/clairaut/.config/atlas/atlas.toml
2026-03-23 21:20:26,840 [INFO] atlas: config loaded from /home/clairaut/.config/atlas/atlas.toml
2026-03-23 21:20:26,845 [INFO] atlas: config loaded from /home/clairaut/.config/atlas/atlas.toml
2026-03-23 21:21:22,212 [INFO] atlas: config loaded from /home/clairaut/.config/atlas/atlas.toml
2026-03-23 21:21:22,218 [INFO] atlas: config loaded from /home/clairaut/.config/atlas/atlas.toml
2026-03-23 21:21:36,441 [INFO] atlas: config loaded from /home/clairaut/.config/atlas/atlas.toml
2026-03-23 21:21:36,446 [INFO] atlas: config loaded from /home/clairaut/.config/atlas/atlas.toml
2026-03-23 21:21:46,531 [INFO] atlas: config loaded from /home/clairaut/.config/atlas/atlas.toml
2026-03-23 21:21:46,537 [INFO] atlas: config loaded from /home/clairaut/.config/atlas/atlas.toml
2026-03-28 14:20:36,717 [INFO] atlas: config loaded from /home/clairaut/.config/atlas/atlas.toml
2026-03-28 14:20:37,640 [INFO] atlas: config loaded from /home/clairaut/.config/atlas/atlas.toml
2026-03-28 14:20:40,207 [INFO] atlas: config loaded from /home/clairaut/.config/atlas/atlas.toml
2026-03-28 14:20:41,128 [INFO] atlas: config loaded from /home/clairaut/.config/atlas/atlas.toml
2026-03-28 14:22:31,345 [INFO] atlas: config loaded from /home/clairaut/.config/atlas/atlas.toml
2026-03-28 14:22:32,280 [INFO] atlas: config loaded from /home/clairaut/.config/atlas/atlas.toml
2026-03-28 14:22:39,754 [INFO] atlas: config loaded from /home/clairaut/.config/atlas/atlas.toml
2026-03-28 14:22:40,671 [INFO] atlas: config loaded from /home/clairaut/.config/atlas/atlas.toml
2026-03-28 14:23:42,213 [INFO] atlas: config loaded from /home/clairaut/.config/atlas/atlas.toml
2026-03-28 14:23:43,184 [INFO] atlas: config loaded from /home/clairaut/.config/atlas/atlas.toml
2026-03-28 14:23:43,492 [ERROR] cli: failed to handle chart command
2026-03-28 14:23:51,338 [INFO] atlas: config loaded from /home/clairaut/.config/atlas/atlas.toml
2026-03-28 14:23:52,318 [INFO] atlas: config loaded from /home/clairaut/.config/atlas/atlas.toml
2026-03-28 14:23:52,644 [ERROR] cli: failed to handle chart command
2026-03-28 14:35:40,701 [INFO] atlas: config loaded from /home/clairaut/.config/atlas/atlas.toml
2026-03-28 14:35:41,641 [INFO] atlas: config loaded from /home/clairaut/.config/atlas/atlas.toml
2026-03-28 15:52:28,365 [INFO] atlas: config loaded from /home/clairaut/.config/atlas/atlas.toml
2026-03-28 15:52:30,202 [INFO] atlas: config loaded from /home/clairaut/.config/atlas/atlas.toml
2026-03-28 15:52:55,244 [INFO] atlas: config loaded from /home/clairaut/.config/atlas/atlas.toml
2026-03-28 15:52:57,088 [INFO] atlas: config loaded from /home/clairaut/.config/atlas/atlas.toml
2026-03-28 16:10:26,748 [INFO] atlas: config loaded from /home/clairaut/.config/atlas/atlas.toml
2026-03-28 16:10:27,682 [INFO] atlas: config loaded from /home/clairaut/.config/atlas/atlas.toml
2026-03-28 16:12:46,243 [INFO] atlas: config loaded from /home/clairaut/.config/atlas/atlas.toml
2026-03-28 16:12:47,167 [INFO] atlas: config loaded from /home/clairaut/.config/atlas/atlas.toml
2026-03-28 16:12:52,202 [INFO] atlas: config loaded from /home/clairaut/.config/atlas/atlas.toml
2026-03-28 16:12:53,162 [INFO] atlas: config loaded from /home/clairaut/.config/atlas/atlas.toml
2026-03-28 16:23:27,691 [INFO] atlas: config loaded from /home/clairaut/.config/atlas/atlas.toml
2026-03-28 16:23:41,211 [INFO] atlas: config loaded from /home/clairaut/.config/atlas/atlas.toml
2026-03-28 16:23:42,182 [INFO] atlas: config loaded from /home/clairaut/.config/atlas/atlas.toml
2026-03-28 16:24:04,912 [INFO] atlas: config loaded from /home/clairaut/.config/atlas/atlas.toml
2026-03-28 16:24:06,812 [INFO] atlas: config loaded from /home/clairaut/.config/atlas/atlas.toml
2026-03-28 16:38:41,936 [INFO] atlas: config loaded from /home/clairaut/.config/atlas/atlas.toml
2026-03-28 16:38:43,757 [INFO] atlas: config loaded from /home/clairaut/.config/atlas/atlas.toml
2026-03-28 16:38:44,060 [WARNING] atlas: glyph atlas: font not found at /home/clairaut/.pyenv/versions/3.12.4/lib/python3.12/site-packages/atlas_dev/src/view/../../static/fonts/NotoSansSymbols-Regular.ttf, using default
2026-03-28 16:38:44,062 [WARNING] atlas: glyph atlas: font not found at /home/clairaut/.pyenv/versions/3.12.4/lib/python3.12/site-packages/atlas_dev/src/view/../../static/fonts/NotoSans-Regular.ttf, using default
2026-03-28 16:39:39,989 [INFO] atlas: config loaded from /home/clairaut/.config/atlas/atlas.toml
2026-03-28 16:39:41,860 [INFO] atlas: config loaded from /home/clairaut/.config/atlas/atlas.toml
2026-03-28 16:39:42,183 [WARNING] atlas: glyph atlas: font not found at /home/clairaut/.pyenv/versions/3.12.4/lib/python3.12/site-packages/atlas_dev/src/view/../../static/fonts/NotoSansSymbols-Regular.ttf, using default
2026-03-28 16:39:42,185 [WARNING] atlas: glyph atlas: font not found at /home/clairaut/.pyenv/versions/3.12.4/lib/python3.12/site-packages/atlas_dev/src/view/../../static/fonts/NotoSans-Regular.ttf, using default
2026-03-28 16:42:25,446 [INFO] atlas: config loaded from /home/clairaut/.config/atlas/atlas.toml
2026-03-28 16:42:27,315 [INFO] atlas: config loaded from /home/clairaut/.config/atlas/atlas.toml
2026-03-28 16:42:27,624 [WARNING] atlas: glyph atlas: font not found at /home/clairaut/.pyenv/versions/3.12.4/lib/python3.12/site-packages/atlas_dev/src/view/../../static/fonts/NotoSansSymbols-Regular.ttf, using default
2026-03-28 16:42:27,627 [WARNING] atlas: glyph atlas: font not found at /home/clairaut/.pyenv/versions/3.12.4/lib/python3.12/site-packages/atlas_dev/src/view/../../static/fonts/NotoSans-Regular.ttf, using default
